<?xml version="1.0" encoding="UTF-8"?>
<!-- Generated by org.testng.reporters.JUnitXMLReporter -->
<testsuite hostname="DESKTOP-4KUGDJA" ignored="1" name="Default test" tests="1" failures="0" timestamp="12 Feb 2020 02:45:30 GMT" time="2.06" errors="0">
  <testcase name="createContactsTest" time="0.0" classname="com.qa.hubspot.tests.ContactsPageTest">
    <skipped/>
  </testcase> <!-- createContactsTest -->
  <testcase name="verifyContactsPageTitle" time="0.0" classname="com.qa.hubspot.tests.ContactsPageTest">
    <ignored/>
  </testcase> <!-- verifyContactsPageTitle -->
</testsuite> <!-- Default test -->
